2025-11-01T11:50:07.800+05:30  INFO 24200 --- [smart-claims-platform] [main] com.metlife.claim.ClaimApplication       : Starting ClaimApplication using Java 23.0.2 with PID 24200 (C:\Users\HP\Downloads\claim\claim\build\classes\java\main started by HP in C:\Users\HP\Downloads\claim)
2025-11-01T11:50:07.804+05:30 DEBUG 24200 --- [smart-claims-platform] [main] com.metlife.claim.ClaimApplication       : Running with Spring Boot v3.5.7, Spring v6.2.12
2025-11-01T11:50:07.806+05:30  INFO 24200 --- [smart-claims-platform] [main] com.metlife.claim.ClaimApplication       : The following 1 profile is active: "dev"
2025-11-01T11:50:09.974+05:30  INFO 24200 --- [smart-claims-platform] [main] .s.d.r.c.RepositoryConfigurationDelegate : Bootstrapping Spring Data JPA repositories in DEFAULT mode.
2025-11-01T11:50:10.025+05:30  INFO 24200 --- [smart-claims-platform] [main] .s.d.r.c.RepositoryConfigurationDelegate : Finished Spring Data repository scanning in 28 ms. Found 0 JPA repository interfaces.
2025-11-01T11:50:11.070+05:30  INFO 24200 --- [smart-claims-platform] [main] o.s.b.w.embedded.tomcat.TomcatWebServer  : Tomcat initialized with port 8080 (http)
2025-11-01T11:50:11.105+05:30  INFO 24200 --- [smart-claims-platform] [main] o.apache.catalina.core.StandardService   : Starting service [Tomcat]
2025-11-01T11:50:11.105+05:30  INFO 24200 --- [smart-claims-platform] [main] o.apache.catalina.core.StandardEngine    : Starting Servlet engine: [Apache Tomcat/10.1.48]
2025-11-01T11:50:11.249+05:30  INFO 24200 --- [smart-claims-platform] [main] o.a.c.c.C.[Tomcat].[localhost].[/api]    : Initializing Spring embedded WebApplicationContext
2025-11-01T11:50:11.249+05:30  INFO 24200 --- [smart-claims-platform] [main] w.s.c.ServletWebServerApplicationContext : Root WebApplicationContext: initialization completed in 3332 ms
2025-11-01T11:50:11.670+05:30  WARN 24200 --- [smart-claims-platform] [main] ConfigServletWebServerApplicationContext : Exception encountered during context initialization - cancelling refresh attempt: org.springframework.beans.factory.BeanCreationException: Error creating bean with name 'entityManagerFactory' defined in class path resource [org/springframework/boot/autoconfigure/orm/jpa/HibernateJpaConfiguration.class]: Failed to initialize dependency 'dataSourceScriptDatabaseInitializer' of LoadTimeWeaverAware bean 'entityManagerFactory': Error creating bean with name 'dataSourceScriptDatabaseInitializer' defined in class path resource [org/springframework/boot/autoconfigure/sql/init/DataSourceInitializationConfiguration.class]: Unsatisfied dependency expressed through method 'dataSourceScriptDatabaseInitializer' parameter 0: Error creating bean with name 'dataSource' defined in class path resource [org/springframework/boot/autoconfigure/jdbc/DataSourceConfiguration$Hikari.class]: Failed to instantiate [com.zaxxer.hikari.HikariDataSource]: Factory method 'dataSource' threw exception with message: Cannot load driver class: org.h2.Driver
2025-11-01T11:50:11.674+05:30  INFO 24200 --- [smart-claims-platform] [main] o.apache.catalina.core.StandardService   : Stopping service [Tomcat]
2025-11-01T11:50:11.728+05:30  INFO 24200 --- [smart-claims-platform] [main] .s.b.a.l.ConditionEvaluationReportLogger : 

Error starting ApplicationContext. To display the condition evaluation report re-run your application with 'debug' enabled.
2025-11-01T11:50:11.791+05:30 ERROR 24200 --- [smart-claims-platform] [main] o.s.boot.SpringApplication               : Application run failed

org.springframework.beans.factory.BeanCreationException: Error creating bean with name 'entityManagerFactory' defined in class path resource [org/springframework/boot/autoconfigure/orm/jpa/HibernateJpaConfiguration.class]: Failed to initialize dependency 'dataSourceScriptDatabaseInitializer' of LoadTimeWeaverAware bean 'entityManagerFactory': Error creating bean with name 'dataSourceScriptDatabaseInitializer' defined in class path resource [org/springframework/boot/autoconfigure/sql/init/DataSourceInitializationConfiguration.class]: Unsatisfied dependency expressed through method 'dataSourceScriptDatabaseInitializer' parameter 0: Error creating bean with name 'dataSource' defined in class path resource [org/springframework/boot/autoconfigure/jdbc/DataSourceConfiguration$Hikari.class]: Failed to instantiate [com.zaxxer.hikari.HikariDataSource]: Factory method 'dataSource' threw exception with message: Cannot load driver class: org.h2.Driver
	at org.springframework.beans.factory.support.AbstractBeanFactory.doGetBean(AbstractBeanFactory.java:328) ~[spring-beans-6.2.12.jar:6.2.12]
	at org.springframework.beans.factory.support.AbstractBeanFactory.getBean(AbstractBeanFactory.java:207) ~[spring-beans-6.2.12.jar:6.2.12]
	at org.springframework.context.support.AbstractApplicationContext.finishBeanFactoryInitialization(AbstractApplicationContext.java:973) ~[spring-context-6.2.12.jar:6.2.12]
	at org.springframework.context.support.AbstractApplicationContext.refresh(AbstractApplicationContext.java:627) ~[spring-context-6.2.12.jar:6.2.12]
	at org.springframework.boot.web.servlet.context.ServletWebServerApplicationContext.refresh(ServletWebServerApplicationContext.java:146) ~[spring-boot-3.5.7.jar:3.5.7]
	at org.springframework.boot.SpringApplication.refresh(SpringApplication.java:752) ~[spring-boot-3.5.7.jar:3.5.7]
	at org.springframework.boot.SpringApplication.refreshContext(SpringApplication.java:439) ~[spring-boot-3.5.7.jar:3.5.7]
	at org.springframework.boot.SpringApplication.run(SpringApplication.java:318) ~[spring-boot-3.5.7.jar:3.5.7]
	at org.springframework.boot.SpringApplication.run(SpringApplication.java:1361) ~[spring-boot-3.5.7.jar:3.5.7]
	at org.springframework.boot.SpringApplication.run(SpringApplication.java:1350) ~[spring-boot-3.5.7.jar:3.5.7]
	at com.metlife.claim.ClaimApplication.main(ClaimApplication.java:10) ~[main/:na]
Caused by: org.springframework.beans.factory.UnsatisfiedDependencyException: Error creating bean with name 'dataSourceScriptDatabaseInitializer' defined in class path resource [org/springframework/boot/autoconfigure/sql/init/DataSourceInitializationConfiguration.class]: Unsatisfied dependency expressed through method 'dataSourceScriptDatabaseInitializer' parameter 0: Error creating bean with name 'dataSource' defined in class path resource [org/springframework/boot/autoconfigure/jdbc/DataSourceConfiguration$Hikari.class]: Failed to instantiate [com.zaxxer.hikari.HikariDataSource]: Factory method 'dataSource' threw exception with message: Cannot load driver class: org.h2.Driver
	at org.springframework.beans.factory.support.ConstructorResolver.createArgumentArray(ConstructorResolver.java:804) ~[spring-beans-6.2.12.jar:6.2.12]
	at org.springframework.beans.factory.support.ConstructorResolver.instantiateUsingFactoryMethod(ConstructorResolver.java:546) ~[spring-beans-6.2.12.jar:6.2.12]
	at org.springframework.beans.factory.support.AbstractAutowireCapableBeanFactory.instantiateUsingFactoryMethod(AbstractAutowireCapableBeanFactory.java:1375) ~[spring-beans-6.2.12.jar:6.2.12]
	at org.springframework.beans.factory.support.AbstractAutowireCapableBeanFactory.createBeanInstance(AbstractAutowireCapableBeanFactory.java:1205) ~[spring-beans-6.2.12.jar:6.2.12]
	at org.springframework.beans.factory.support.AbstractAutowireCapableBeanFactory.doCreateBean(AbstractAutowireCapableBeanFactory.java:569) ~[spring-beans-6.2.12.jar:6.2.12]
	at org.springframework.beans.factory.support.AbstractAutowireCapableBeanFactory.createBean(AbstractAutowireCapableBeanFactory.java:529) ~[spring-beans-6.2.12.jar:6.2.12]
	at org.springframework.beans.factory.support.AbstractBeanFactory.lambda$doGetBean$0(AbstractBeanFactory.java:339) ~[spring-beans-6.2.12.jar:6.2.12]
	at org.springframework.beans.factory.support.DefaultSingletonBeanRegistry.getSingleton(DefaultSingletonBeanRegistry.java:373) ~[spring-beans-6.2.12.jar:6.2.12]
	at org.springframework.beans.factory.support.AbstractBeanFactory.doGetBean(AbstractBeanFactory.java:337) ~[spring-beans-6.2.12.jar:6.2.12]
	at org.springframework.beans.factory.support.AbstractBeanFactory.getBean(AbstractBeanFactory.java:202) ~[spring-beans-6.2.12.jar:6.2.12]
	at org.springframework.beans.factory.support.AbstractBeanFactory.doGetBean(AbstractBeanFactory.java:315) ~[spring-beans-6.2.12.jar:6.2.12]
	... 10 common frames omitted
Caused by: org.springframework.beans.factory.BeanCreationException: Error creating bean with name 'dataSource' defined in class path resource [org/springframework/boot/autoconfigure/jdbc/DataSourceConfiguration$Hikari.class]: Failed to instantiate [com.zaxxer.hikari.HikariDataSource]: Factory method 'dataSource' threw exception with message: Cannot load driver class: org.h2.Driver
	at org.springframework.beans.factory.support.ConstructorResolver.instantiate(ConstructorResolver.java:657) ~[spring-beans-6.2.12.jar:6.2.12]
	at org.springframework.beans.factory.support.ConstructorResolver.instantiateUsingFactoryMethod(ConstructorResolver.java:645) ~[spring-beans-6.2.12.jar:6.2.12]
	at org.springframework.beans.factory.support.AbstractAutowireCapableBeanFactory.instantiateUsingFactoryMethod(AbstractAutowireCapableBeanFactory.java:1375) ~[spring-beans-6.2.12.jar:6.2.12]
	at org.springframework.beans.factory.support.AbstractAutowireCapableBeanFactory.createBeanInstance(AbstractAutowireCapableBeanFactory.java:1205) ~[spring-beans-6.2.12.jar:6.2.12]
	at org.springframework.beans.factory.support.AbstractAutowireCapableBeanFactory.doCreateBean(AbstractAutowireCapableBeanFactory.java:569) ~[spring-beans-6.2.12.jar:6.2.12]
	at org.springframework.beans.factory.support.AbstractAutowireCapableBeanFactory.createBean(AbstractAutowireCapableBeanFactory.java:529) ~[spring-beans-6.2.12.jar:6.2.12]
	at org.springframework.beans.factory.support.AbstractBeanFactory.lambda$doGetBean$0(AbstractBeanFactory.java:339) ~[spring-beans-6.2.12.jar:6.2.12]
	at org.springframework.beans.factory.support.DefaultSingletonBeanRegistry.getSingleton(DefaultSingletonBeanRegistry.java:373) ~[spring-beans-6.2.12.jar:6.2.12]
	at org.springframework.beans.factory.support.AbstractBeanFactory.doGetBean(AbstractBeanFactory.java:337) ~[spring-beans-6.2.12.jar:6.2.12]
	at org.springframework.beans.factory.support.AbstractBeanFactory.getBean(AbstractBeanFactory.java:202) ~[spring-beans-6.2.12.jar:6.2.12]
	at org.springframework.beans.factory.support.DefaultListableBeanFactory.doResolveDependency(DefaultListableBeanFactory.java:1708) ~[spring-beans-6.2.12.jar:6.2.12]
	at org.springframework.beans.factory.support.DefaultListableBeanFactory.resolveDependency(DefaultListableBeanFactory.java:1653) ~[spring-beans-6.2.12.jar:6.2.12]
	at org.springframework.beans.factory.support.ConstructorResolver.resolveAutowiredArgument(ConstructorResolver.java:913) ~[spring-beans-6.2.12.jar:6.2.12]
	at org.springframework.beans.factory.support.ConstructorResolver.createArgumentArray(ConstructorResolver.java:791) ~[spring-beans-6.2.12.jar:6.2.12]
	... 20 common frames omitted
Caused by: org.springframework.beans.BeanInstantiationException: Failed to instantiate [com.zaxxer.hikari.HikariDataSource]: Factory method 'dataSource' threw exception with message: Cannot load driver class: org.h2.Driver
	at org.springframework.beans.factory.support.SimpleInstantiationStrategy.lambda$instantiate$0(SimpleInstantiationStrategy.java:200) ~[spring-beans-6.2.12.jar:6.2.12]
	at org.springframework.beans.factory.support.SimpleInstantiationStrategy.instantiateWithFactoryMethod(SimpleInstantiationStrategy.java:89) ~[spring-beans-6.2.12.jar:6.2.12]
	at org.springframework.beans.factory.support.SimpleInstantiationStrategy.instantiate(SimpleInstantiationStrategy.java:169) ~[spring-beans-6.2.12.jar:6.2.12]
	at org.springframework.beans.factory.support.ConstructorResolver.instantiate(ConstructorResolver.java:653) ~[spring-beans-6.2.12.jar:6.2.12]
	... 33 common frames omitted
Caused by: java.lang.IllegalStateException: Cannot load driver class: org.h2.Driver
	at org.springframework.util.Assert.state(Assert.java:101) ~[spring-core-6.2.12.jar:6.2.12]
	at org.springframework.boot.autoconfigure.jdbc.DataSourceProperties.findDriverClassName(DataSourceProperties.java:184) ~[spring-boot-autoconfigure-3.5.7.jar:3.5.7]
	at org.springframework.boot.autoconfigure.jdbc.DataSourceProperties.determineDriverClassName(DataSourceProperties.java:174) ~[spring-boot-autoconfigure-3.5.7.jar:3.5.7]
	at org.springframework.boot.autoconfigure.jdbc.PropertiesJdbcConnectionDetails.getDriverClassName(PropertiesJdbcConnectionDetails.java:49) ~[spring-boot-autoconfigure-3.5.7.jar:3.5.7]
	at org.springframework.boot.autoconfigure.jdbc.DataSourceConfiguration.createDataSource(DataSourceConfiguration.java:62) ~[spring-boot-autoconfigure-3.5.7.jar:3.5.7]
	at org.springframework.boot.autoconfigure.jdbc.DataSourceConfiguration$Hikari.dataSource(DataSourceConfiguration.java:127) ~[spring-boot-autoconfigure-3.5.7.jar:3.5.7]
	at java.base/jdk.internal.reflect.DirectMethodHandleAccessor.invoke(DirectMethodHandleAccessor.java:103) ~[na:na]
	at java.base/java.lang.reflect.Method.invoke(Method.java:580) ~[na:na]
	at org.springframework.beans.factory.support.SimpleInstantiationStrategy.lambda$instantiate$0(SimpleInstantiationStrategy.java:172) ~[spring-beans-6.2.12.jar:6.2.12]
	... 36 common frames omitted

2025-11-01T11:51:41.724+05:30  INFO 24672 --- [smart-claims-platform] [main] com.metlife.claim.ClaimApplication       : Starting ClaimApplication using Java 23.0.2 with PID 24672 (C:\Users\HP\Downloads\claim\claim\build\classes\java\main started by HP in C:\Users\HP\Downloads\claim)
2025-11-01T11:51:41.730+05:30 DEBUG 24672 --- [smart-claims-platform] [main] com.metlife.claim.ClaimApplication       : Running with Spring Boot v3.5.7, Spring v6.2.12
2025-11-01T11:51:41.730+05:30  INFO 24672 --- [smart-claims-platform] [main] com.metlife.claim.ClaimApplication       : The following 1 profile is active: "dev"
2025-11-01T11:51:44.291+05:30  INFO 24672 --- [smart-claims-platform] [main] .s.d.r.c.RepositoryConfigurationDelegate : Bootstrapping Spring Data JPA repositories in DEFAULT mode.
2025-11-01T11:51:44.347+05:30  INFO 24672 --- [smart-claims-platform] [main] .s.d.r.c.RepositoryConfigurationDelegate : Finished Spring Data repository scanning in 24 ms. Found 0 JPA repository interfaces.
2025-11-01T11:51:45.447+05:30  INFO 24672 --- [smart-claims-platform] [main] o.s.b.w.embedded.tomcat.TomcatWebServer  : Tomcat initialized with port 8080 (http)
2025-11-01T11:51:45.495+05:30  INFO 24672 --- [smart-claims-platform] [main] o.apache.catalina.core.StandardService   : Starting service [Tomcat]
2025-11-01T11:51:45.499+05:30  INFO 24672 --- [smart-claims-platform] [main] o.apache.catalina.core.StandardEngine    : Starting Servlet engine: [Apache Tomcat/10.1.48]
2025-11-01T11:51:45.621+05:30  INFO 24672 --- [smart-claims-platform] [main] o.a.c.c.C.[Tomcat].[localhost].[/api]    : Initializing Spring embedded WebApplicationContext
2025-11-01T11:51:45.621+05:30  INFO 24672 --- [smart-claims-platform] [main] w.s.c.ServletWebServerApplicationContext : Root WebApplicationContext: initialization completed in 3740 ms
2025-11-01T11:51:46.260+05:30  INFO 24672 --- [smart-claims-platform] [main] o.hibernate.jpa.internal.util.LogHelper  : HHH000204: Processing PersistenceUnitInfo [name: default]
2025-11-01T11:51:46.439+05:30  INFO 24672 --- [smart-claims-platform] [main] org.hibernate.Version                    : HHH000412: Hibernate ORM core version 6.6.33.Final
2025-11-01T11:51:46.531+05:30  INFO 24672 --- [smart-claims-platform] [main] o.h.c.internal.RegionFactoryInitiator    : HHH000026: Second-level cache disabled
2025-11-01T11:51:47.217+05:30  INFO 24672 --- [smart-claims-platform] [main] o.s.o.j.p.SpringPersistenceUnitInfo      : No LoadTimeWeaver setup: ignoring JPA class transformer
2025-11-01T11:51:47.295+05:30  INFO 24672 --- [smart-claims-platform] [main] com.zaxxer.hikari.HikariDataSource       : HikariPool-1 - Starting...
2025-11-01T11:51:47.639+05:30  INFO 24672 --- [smart-claims-platform] [main] com.zaxxer.hikari.pool.HikariPool        : HikariPool-1 - Added connection conn0: url=jdbc:h2:mem:claimsdb user=SA
2025-11-01T11:51:47.643+05:30  INFO 24672 --- [smart-claims-platform] [main] com.zaxxer.hikari.HikariDataSource       : HikariPool-1 - Start completed.
2025-11-01T11:51:47.686+05:30  WARN 24672 --- [smart-claims-platform] [main] org.hibernate.orm.deprecation            : HHH90000025: H2Dialect does not need to be specified explicitly using 'hibernate.dialect' (remove the property setting and it will be selected by default)
2025-11-01T11:51:47.720+05:30  INFO 24672 --- [smart-claims-platform] [main] org.hibernate.orm.connections.pooling    : HHH10001005: Database info:
	Database JDBC URL [Connecting through datasource 'HikariDataSource (HikariPool-1)']
	Database driver: undefined/unknown
	Database version: 2.3.232
	Autocommit mode: undefined/unknown
	Isolation level: undefined/unknown
	Minimum pool size: undefined/unknown
	Maximum pool size: undefined/unknown
2025-11-01T11:51:48.262+05:30  INFO 24672 --- [smart-claims-platform] [main] o.h.e.t.j.p.i.JtaPlatformInitiator       : HHH000489: No JTA platform available (set 'hibernate.transaction.jta.platform' to enable JTA platform integration)
2025-11-01T11:51:48.271+05:30  INFO 24672 --- [smart-claims-platform] [main] j.LocalContainerEntityManagerFactoryBean : Initialized JPA EntityManagerFactory for persistence unit 'default'
2025-11-01T11:51:48.351+05:30  WARN 24672 --- [smart-claims-platform] [main] JpaBaseConfiguration$JpaWebConfiguration : spring.jpa.open-in-view is enabled by default. Therefore, database queries may be performed during view rendering. Explicitly configure spring.jpa.open-in-view to disable this warning
2025-11-01T11:51:49.384+05:30  INFO 24672 --- [smart-claims-platform] [main] o.s.b.a.h2.H2ConsoleAutoConfiguration    : H2 console available at '/h2-console'. Database available at 'jdbc:h2:mem:claimsdb'
2025-11-01T11:51:49.432+05:30  INFO 24672 --- [smart-claims-platform] [main] o.s.b.a.e.web.EndpointLinksResolver      : Exposing 5 endpoints beneath base path '/actuator'
2025-11-01T11:51:49.611+05:30  INFO 24672 --- [smart-claims-platform] [main] o.s.b.w.embedded.tomcat.TomcatWebServer  : Tomcat started on port 8080 (http) with context path '/api'
2025-11-01T11:51:49.635+05:30  INFO 24672 --- [smart-claims-platform] [main] com.metlife.claim.ClaimApplication       : Started ClaimApplication in 9.008 seconds (process running for 9.757)
2025-11-01T12:29:09.811+05:30  INFO 4288 --- [smart-claims-platform] [main] com.metlife.claim.ClaimApplication       : Starting ClaimApplication using Java 23.0.2 with PID 4288 (C:\Users\HP\Downloads\claim\claim\build\classes\java\main started by HP in C:\Users\HP\Downloads\claim)
2025-11-01T12:29:09.818+05:30 DEBUG 4288 --- [smart-claims-platform] [main] com.metlife.claim.ClaimApplication       : Running with Spring Boot v3.5.7, Spring v6.2.12
2025-11-01T12:29:09.818+05:30  INFO 4288 --- [smart-claims-platform] [main] com.metlife.claim.ClaimApplication       : The following 1 profile is active: "dev"
2025-11-01T12:29:14.683+05:30  INFO 4288 --- [smart-claims-platform] [main] .s.d.r.c.RepositoryConfigurationDelegate : Bootstrapping Spring Data JPA repositories in DEFAULT mode.
2025-11-01T12:29:14.889+05:30  INFO 4288 --- [smart-claims-platform] [main] .s.d.r.c.RepositoryConfigurationDelegate : Finished Spring Data repository scanning in 167 ms. Found 1 JPA repository interface.
2025-11-01T12:29:16.385+05:30  INFO 4288 --- [smart-claims-platform] [main] o.s.b.w.embedded.tomcat.TomcatWebServer  : Tomcat initialized with port 8080 (http)
2025-11-01T12:29:16.461+05:30  INFO 4288 --- [smart-claims-platform] [main] o.apache.catalina.core.StandardService   : Starting service [Tomcat]
2025-11-01T12:29:16.462+05:30  INFO 4288 --- [smart-claims-platform] [main] o.apache.catalina.core.StandardEngine    : Starting Servlet engine: [Apache Tomcat/10.1.48]
2025-11-01T12:29:16.677+05:30  INFO 4288 --- [smart-claims-platform] [main] o.a.c.c.C.[Tomcat].[localhost].[/api]    : Initializing Spring embedded WebApplicationContext
2025-11-01T12:29:16.682+05:30  INFO 4288 --- [smart-claims-platform] [main] w.s.c.ServletWebServerApplicationContext : Root WebApplicationContext: initialization completed in 6674 ms
2025-11-01T12:29:17.639+05:30  INFO 4288 --- [smart-claims-platform] [main] o.hibernate.jpa.internal.util.LogHelper  : HHH000204: Processing PersistenceUnitInfo [name: default]
2025-11-01T12:29:17.898+05:30  INFO 4288 --- [smart-claims-platform] [main] org.hibernate.Version                    : HHH000412: Hibernate ORM core version 6.6.33.Final
2025-11-01T12:29:18.041+05:30  INFO 4288 --- [smart-claims-platform] [main] o.h.c.internal.RegionFactoryInitiator    : HHH000026: Second-level cache disabled
2025-11-01T12:29:19.217+05:30  INFO 4288 --- [smart-claims-platform] [main] o.s.o.j.p.SpringPersistenceUnitInfo      : No LoadTimeWeaver setup: ignoring JPA class transformer
2025-11-01T12:29:19.333+05:30  INFO 4288 --- [smart-claims-platform] [main] com.zaxxer.hikari.HikariDataSource       : HikariPool-1 - Starting...
2025-11-01T12:29:19.974+05:30  INFO 4288 --- [smart-claims-platform] [main] com.zaxxer.hikari.pool.HikariPool        : HikariPool-1 - Added connection conn0: url=jdbc:h2:mem:claimsdb user=SA
2025-11-01T12:29:19.976+05:30  INFO 4288 --- [smart-claims-platform] [main] com.zaxxer.hikari.HikariDataSource       : HikariPool-1 - Start completed.
2025-11-01T12:29:20.058+05:30  WARN 4288 --- [smart-claims-platform] [main] org.hibernate.orm.deprecation            : HHH90000025: H2Dialect does not need to be specified explicitly using 'hibernate.dialect' (remove the property setting and it will be selected by default)
2025-11-01T12:29:20.142+05:30  INFO 4288 --- [smart-claims-platform] [main] org.hibernate.orm.connections.pooling    : HHH10001005: Database info:
	Database JDBC URL [Connecting through datasource 'HikariDataSource (HikariPool-1)']
	Database driver: undefined/unknown
	Database version: 2.3.232
	Autocommit mode: undefined/unknown
	Isolation level: undefined/unknown
	Minimum pool size: undefined/unknown
	Maximum pool size: undefined/unknown
2025-11-01T12:29:22.823+05:30  INFO 4288 --- [smart-claims-platform] [main] o.h.e.t.j.p.i.JtaPlatformInitiator       : HHH000489: No JTA platform available (set 'hibernate.transaction.jta.platform' to enable JTA platform integration)
2025-11-01T12:29:22.985+05:30  INFO 4288 --- [smart-claims-platform] [main] j.LocalContainerEntityManagerFactoryBean : Initialized JPA EntityManagerFactory for persistence unit 'default'
2025-11-01T12:29:23.708+05:30  WARN 4288 --- [smart-claims-platform] [main] JpaBaseConfiguration$JpaWebConfiguration : spring.jpa.open-in-view is enabled by default. Therefore, database queries may be performed during view rendering. Explicitly configure spring.jpa.open-in-view to disable this warning
2025-11-01T12:29:24.989+05:30  INFO 4288 --- [smart-claims-platform] [main] o.s.b.a.h2.H2ConsoleAutoConfiguration    : H2 console available at '/h2-console'. Database available at 'jdbc:h2:mem:claimsdb'
2025-11-01T12:29:25.073+05:30  INFO 4288 --- [smart-claims-platform] [main] o.s.b.a.e.web.EndpointLinksResolver      : Exposing 5 endpoints beneath base path '/actuator'
2025-11-01T12:29:25.440+05:30  INFO 4288 --- [smart-claims-platform] [main] o.s.b.w.embedded.tomcat.TomcatWebServer  : Tomcat started on port 8080 (http) with context path '/api'
2025-11-01T12:29:25.471+05:30  INFO 4288 --- [smart-claims-platform] [main] com.metlife.claim.ClaimApplication       : Started ClaimApplication in 17.146 seconds (process running for 18.963)
2025-11-01T12:38:02.366+05:30  INFO 10700 --- [smart-claims-platform] [main] com.metlife.claim.ClaimApplication       : Starting ClaimApplication using Java 23.0.2 with PID 10700 (C:\Users\HP\Downloads\claim\claim\build\classes\java\main started by HP in C:\Users\HP\Downloads\claim)
2025-11-01T12:38:02.376+05:30 DEBUG 10700 --- [smart-claims-platform] [main] com.metlife.claim.ClaimApplication       : Running with Spring Boot v3.5.7, Spring v6.2.12
2025-11-01T12:38:02.378+05:30  INFO 10700 --- [smart-claims-platform] [main] com.metlife.claim.ClaimApplication       : The following 1 profile is active: "dev"
2025-11-01T12:38:06.594+05:30  INFO 10700 --- [smart-claims-platform] [main] .s.d.r.c.RepositoryConfigurationDelegate : Bootstrapping Spring Data JPA repositories in DEFAULT mode.
2025-11-01T12:38:06.752+05:30  INFO 10700 --- [smart-claims-platform] [main] .s.d.r.c.RepositoryConfigurationDelegate : Finished Spring Data repository scanning in 136 ms. Found 1 JPA repository interface.
2025-11-01T12:38:08.526+05:30  INFO 10700 --- [smart-claims-platform] [main] o.s.b.w.embedded.tomcat.TomcatWebServer  : Tomcat initialized with port 8080 (http)
2025-11-01T12:38:08.595+05:30  INFO 10700 --- [smart-claims-platform] [main] o.apache.catalina.core.StandardService   : Starting service [Tomcat]
2025-11-01T12:38:08.595+05:30  INFO 10700 --- [smart-claims-platform] [main] o.apache.catalina.core.StandardEngine    : Starting Servlet engine: [Apache Tomcat/10.1.48]
2025-11-01T12:38:08.767+05:30  INFO 10700 --- [smart-claims-platform] [main] o.a.c.c.C.[Tomcat].[localhost].[/api]    : Initializing Spring embedded WebApplicationContext
2025-11-01T12:38:08.767+05:30  INFO 10700 --- [smart-claims-platform] [main] w.s.c.ServletWebServerApplicationContext : Root WebApplicationContext: initialization completed in 6178 ms
2025-11-01T12:38:09.837+05:30  INFO 10700 --- [smart-claims-platform] [main] o.hibernate.jpa.internal.util.LogHelper  : HHH000204: Processing PersistenceUnitInfo [name: default]
2025-11-01T12:38:10.132+05:30  INFO 10700 --- [smart-claims-platform] [main] org.hibernate.Version                    : HHH000412: Hibernate ORM core version 6.6.33.Final
2025-11-01T12:38:10.262+05:30  INFO 10700 --- [smart-claims-platform] [main] o.h.c.internal.RegionFactoryInitiator    : HHH000026: Second-level cache disabled
2025-11-01T12:38:11.660+05:30  INFO 10700 --- [smart-claims-platform] [main] o.s.o.j.p.SpringPersistenceUnitInfo      : No LoadTimeWeaver setup: ignoring JPA class transformer
2025-11-01T12:38:11.752+05:30  INFO 10700 --- [smart-claims-platform] [main] com.zaxxer.hikari.HikariDataSource       : HikariPool-1 - Starting...
2025-11-01T12:38:12.361+05:30  INFO 10700 --- [smart-claims-platform] [main] com.zaxxer.hikari.pool.HikariPool        : HikariPool-1 - Added connection conn0: url=jdbc:h2:mem:claimsdb user=SA
2025-11-01T12:38:12.368+05:30  INFO 10700 --- [smart-claims-platform] [main] com.zaxxer.hikari.HikariDataSource       : HikariPool-1 - Start completed.
2025-11-01T12:38:12.455+05:30  WARN 10700 --- [smart-claims-platform] [main] org.hibernate.orm.deprecation            : HHH90000025: H2Dialect does not need to be specified explicitly using 'hibernate.dialect' (remove the property setting and it will be selected by default)
2025-11-01T12:38:12.531+05:30  INFO 10700 --- [smart-claims-platform] [main] org.hibernate.orm.connections.pooling    : HHH10001005: Database info:
	Database JDBC URL [Connecting through datasource 'HikariDataSource (HikariPool-1)']
	Database driver: undefined/unknown
	Database version: 2.3.232
	Autocommit mode: undefined/unknown
	Isolation level: undefined/unknown
	Minimum pool size: undefined/unknown
	Maximum pool size: undefined/unknown
2025-11-01T12:38:14.754+05:30  INFO 10700 --- [smart-claims-platform] [main] o.h.e.t.j.p.i.JtaPlatformInitiator       : HHH000489: No JTA platform available (set 'hibernate.transaction.jta.platform' to enable JTA platform integration)
2025-11-01T12:38:14.847+05:30  INFO 10700 --- [smart-claims-platform] [main] j.LocalContainerEntityManagerFactoryBean : Initialized JPA EntityManagerFactory for persistence unit 'default'
2025-11-01T12:38:16.027+05:30  WARN 10700 --- [smart-claims-platform] [main] JpaBaseConfiguration$JpaWebConfiguration : spring.jpa.open-in-view is enabled by default. Therefore, database queries may be performed during view rendering. Explicitly configure spring.jpa.open-in-view to disable this warning
2025-11-01T12:38:17.814+05:30  INFO 10700 --- [smart-claims-platform] [main] o.s.b.a.h2.H2ConsoleAutoConfiguration    : H2 console available at '/h2-console'. Database available at 'jdbc:h2:mem:claimsdb'
2025-11-01T12:38:17.915+05:30  INFO 10700 --- [smart-claims-platform] [main] o.s.b.a.e.web.EndpointLinksResolver      : Exposing 5 endpoints beneath base path '/actuator'
2025-11-01T12:38:18.309+05:30  INFO 10700 --- [smart-claims-platform] [main] o.s.b.w.embedded.tomcat.TomcatWebServer  : Tomcat started on port 8080 (http) with context path '/api'
2025-11-01T12:38:18.359+05:30  INFO 10700 --- [smart-claims-platform] [main] com.metlife.claim.ClaimApplication       : Started ClaimApplication in 18.008 seconds (process running for 20.079)
2025-11-01T12:40:24.056+05:30  INFO 10700 --- [smart-claims-platform] [http-nio-8080-exec-3] o.a.c.c.C.[Tomcat].[localhost].[/api]    : Initializing Spring DispatcherServlet 'dispatcherServlet'
2025-11-01T12:40:24.061+05:30  INFO 10700 --- [smart-claims-platform] [http-nio-8080-exec-3] o.s.web.servlet.DispatcherServlet        : Initializing Servlet 'dispatcherServlet'
2025-11-01T12:40:24.072+05:30  INFO 10700 --- [smart-claims-platform] [http-nio-8080-exec-3] o.s.web.servlet.DispatcherServlet        : Completed initialization in 10 ms
2025-11-01T12:40:24.153+05:30  WARN 10700 --- [smart-claims-platform] [http-nio-8080-exec-3] o.s.web.servlet.PageNotFound             : No mapping for POST /api/claims
2025-11-01T12:40:24.173+05:30  WARN 10700 --- [smart-claims-platform] [http-nio-8080-exec-3] o.s.web.servlet.PageNotFound             : No endpoint POST /api/claims.
2025-11-01T12:42:31.898+05:30  WARN 10700 --- [smart-claims-platform] [http-nio-8080-exec-6] o.s.web.servlet.PageNotFound             : No mapping for POST /api/claims
2025-11-01T12:42:31.901+05:30  WARN 10700 --- [smart-claims-platform] [http-nio-8080-exec-6] o.s.web.servlet.PageNotFound             : No endpoint POST /api/claims.
2025-11-01T12:43:51.204+05:30  INFO 15128 --- [smart-claims-platform] [main] com.metlife.claim.ClaimApplication       : Starting ClaimApplication using Java 23.0.2 with PID 15128 (C:\Users\HP\Downloads\claim\claim\build\classes\java\main started by HP in C:\Users\HP\Downloads\claim)
2025-11-01T12:43:51.211+05:30 DEBUG 15128 --- [smart-claims-platform] [main] com.metlife.claim.ClaimApplication       : Running with Spring Boot v3.5.7, Spring v6.2.12
2025-11-01T12:43:51.214+05:30  INFO 15128 --- [smart-claims-platform] [main] com.metlife.claim.ClaimApplication       : The following 1 profile is active: "dev"
2025-11-01T12:43:53.816+05:30  INFO 15128 --- [smart-claims-platform] [main] .s.d.r.c.RepositoryConfigurationDelegate : Bootstrapping Spring Data JPA repositories in DEFAULT mode.
2025-11-01T12:43:53.964+05:30  INFO 15128 --- [smart-claims-platform] [main] .s.d.r.c.RepositoryConfigurationDelegate : Finished Spring Data repository scanning in 118 ms. Found 1 JPA repository interface.
2025-11-01T12:43:55.188+05:30  INFO 15128 --- [smart-claims-platform] [main] o.s.b.w.embedded.tomcat.TomcatWebServer  : Tomcat initialized with port 8080 (http)
2025-11-01T12:43:55.238+05:30  INFO 15128 --- [smart-claims-platform] [main] o.apache.catalina.core.StandardService   : Starting service [Tomcat]
2025-11-01T12:43:55.238+05:30  INFO 15128 --- [smart-claims-platform] [main] o.apache.catalina.core.StandardEngine    : Starting Servlet engine: [Apache Tomcat/10.1.48]
2025-11-01T12:43:55.374+05:30  INFO 15128 --- [smart-claims-platform] [main] o.a.c.c.C.[Tomcat].[localhost].[/api]    : Initializing Spring embedded WebApplicationContext
2025-11-01T12:43:55.374+05:30  INFO 15128 --- [smart-claims-platform] [main] w.s.c.ServletWebServerApplicationContext : Root WebApplicationContext: initialization completed in 3918 ms
2025-11-01T12:43:56.013+05:30  INFO 15128 --- [smart-claims-platform] [main] o.hibernate.jpa.internal.util.LogHelper  : HHH000204: Processing PersistenceUnitInfo [name: default]
2025-11-01T12:43:56.191+05:30  INFO 15128 --- [smart-claims-platform] [main] org.hibernate.Version                    : HHH000412: Hibernate ORM core version 6.6.33.Final
2025-11-01T12:43:56.289+05:30  INFO 15128 --- [smart-claims-platform] [main] o.h.c.internal.RegionFactoryInitiator    : HHH000026: Second-level cache disabled
2025-11-01T12:43:57.169+05:30  INFO 15128 --- [smart-claims-platform] [main] o.s.o.j.p.SpringPersistenceUnitInfo      : No LoadTimeWeaver setup: ignoring JPA class transformer
2025-11-01T12:43:57.253+05:30  INFO 15128 --- [smart-claims-platform] [main] com.zaxxer.hikari.HikariDataSource       : HikariPool-1 - Starting...
2025-11-01T12:43:57.735+05:30  INFO 15128 --- [smart-claims-platform] [main] com.zaxxer.hikari.pool.HikariPool        : HikariPool-1 - Added connection conn0: url=jdbc:h2:mem:claimsdb user=SA
2025-11-01T12:43:57.739+05:30  INFO 15128 --- [smart-claims-platform] [main] com.zaxxer.hikari.HikariDataSource       : HikariPool-1 - Start completed.
2025-11-01T12:43:57.812+05:30  WARN 15128 --- [smart-claims-platform] [main] org.hibernate.orm.deprecation            : HHH90000025: H2Dialect does not need to be specified explicitly using 'hibernate.dialect' (remove the property setting and it will be selected by default)
2025-11-01T12:43:57.874+05:30  INFO 15128 --- [smart-claims-platform] [main] org.hibernate.orm.connections.pooling    : HHH10001005: Database info:
	Database JDBC URL [Connecting through datasource 'HikariDataSource (HikariPool-1)']
	Database driver: undefined/unknown
	Database version: 2.3.232
	Autocommit mode: undefined/unknown
	Isolation level: undefined/unknown
	Minimum pool size: undefined/unknown
	Maximum pool size: undefined/unknown
2025-11-01T12:43:59.692+05:30  INFO 15128 --- [smart-claims-platform] [main] o.h.e.t.j.p.i.JtaPlatformInitiator       : HHH000489: No JTA platform available (set 'hibernate.transaction.jta.platform' to enable JTA platform integration)
2025-11-01T12:43:59.767+05:30  INFO 15128 --- [smart-claims-platform] [main] j.LocalContainerEntityManagerFactoryBean : Initialized JPA EntityManagerFactory for persistence unit 'default'
2025-11-01T12:44:00.296+05:30  WARN 15128 --- [smart-claims-platform] [main] JpaBaseConfiguration$JpaWebConfiguration : spring.jpa.open-in-view is enabled by default. Therefore, database queries may be performed during view rendering. Explicitly configure spring.jpa.open-in-view to disable this warning
2025-11-01T12:44:01.332+05:30  INFO 15128 --- [smart-claims-platform] [main] o.s.b.a.h2.H2ConsoleAutoConfiguration    : H2 console available at '/h2-console'. Database available at 'jdbc:h2:mem:claimsdb'
2025-11-01T12:44:01.383+05:30  INFO 15128 --- [smart-claims-platform] [main] o.s.b.a.e.web.EndpointLinksResolver      : Exposing 5 endpoints beneath base path '/actuator'
2025-11-01T12:44:01.611+05:30  INFO 15128 --- [smart-claims-platform] [main] o.s.b.w.embedded.tomcat.TomcatWebServer  : Tomcat started on port 8080 (http) with context path '/api'
2025-11-01T12:44:01.647+05:30  INFO 15128 --- [smart-claims-platform] [main] com.metlife.claim.ClaimApplication       : Started ClaimApplication in 11.87 seconds (process running for 13.096)
2025-11-01T12:47:38.864+05:30  INFO 15128 --- [smart-claims-platform] [http-nio-8080-exec-1] o.a.c.c.C.[Tomcat].[localhost].[/api]    : Initializing Spring DispatcherServlet 'dispatcherServlet'
2025-11-01T12:47:38.868+05:30  INFO 15128 --- [smart-claims-platform] [http-nio-8080-exec-1] o.s.web.servlet.DispatcherServlet        : Initializing Servlet 'dispatcherServlet'
2025-11-01T12:47:38.885+05:30  INFO 15128 --- [smart-claims-platform] [http-nio-8080-exec-1] o.s.web.servlet.DispatcherServlet        : Completed initialization in 16 ms
2025-11-01T12:47:38.960+05:30  WARN 15128 --- [smart-claims-platform] [http-nio-8080-exec-1] o.s.web.servlet.PageNotFound             : No mapping for POST /api/claims
2025-11-01T12:47:38.973+05:30  WARN 15128 --- [smart-claims-platform] [http-nio-8080-exec-1] o.s.web.servlet.PageNotFound             : No endpoint POST /api/claims.
2025-11-01T12:48:30.794+05:30  WARN 15128 --- [smart-claims-platform] [http-nio-8080-exec-3] o.s.web.servlet.PageNotFound             : No mapping for POST /api/claims
2025-11-01T12:48:30.796+05:30  WARN 15128 --- [smart-claims-platform] [http-nio-8080-exec-3] o.s.web.servlet.PageNotFound             : No endpoint POST /api/claims.
2025-11-01T12:49:43.968+05:30  WARN 15128 --- [smart-claims-platform] [http-nio-8080-exec-6] o.s.web.servlet.PageNotFound             : No mapping for POST /api/claims
2025-11-01T12:49:43.970+05:30  WARN 15128 --- [smart-claims-platform] [http-nio-8080-exec-6] o.s.web.servlet.PageNotFound             : No endpoint POST /api/claims.
2025-11-01T12:50:29.801+05:30  WARN 15128 --- [smart-claims-platform] [http-nio-8080-exec-9] o.s.web.servlet.PageNotFound             : No mapping for GET /api/claims
2025-11-01T12:50:29.802+05:30  WARN 15128 --- [smart-claims-platform] [http-nio-8080-exec-9] o.s.web.servlet.PageNotFound             : No endpoint GET /api/claims.
2025-11-01T12:52:54.850+05:30  INFO 20372 --- [smart-claims-platform] [main] com.metlife.claim.ClaimApplication       : Starting ClaimApplication using Java 23.0.2 with PID 20372 (C:\Users\HP\Downloads\claim\claim\build\classes\java\main started by HP in C:\Users\HP\Downloads\claim)
2025-11-01T12:52:54.857+05:30 DEBUG 20372 --- [smart-claims-platform] [main] com.metlife.claim.ClaimApplication       : Running with Spring Boot v3.5.7, Spring v6.2.12
2025-11-01T12:52:54.859+05:30  INFO 20372 --- [smart-claims-platform] [main] com.metlife.claim.ClaimApplication       : The following 1 profile is active: "dev"
2025-11-01T12:52:57.449+05:30  INFO 20372 --- [smart-claims-platform] [main] .s.d.r.c.RepositoryConfigurationDelegate : Bootstrapping Spring Data JPA repositories in DEFAULT mode.
2025-11-01T12:52:57.605+05:30  INFO 20372 --- [smart-claims-platform] [main] .s.d.r.c.RepositoryConfigurationDelegate : Finished Spring Data repository scanning in 128 ms. Found 1 JPA repository interface.
2025-11-01T12:52:58.979+05:30  INFO 20372 --- [smart-claims-platform] [main] o.s.b.w.embedded.tomcat.TomcatWebServer  : Tomcat initialized with port 8080 (http)
2025-11-01T12:52:59.044+05:30  INFO 20372 --- [smart-claims-platform] [main] o.apache.catalina.core.StandardService   : Starting service [Tomcat]
2025-11-01T12:52:59.044+05:30  INFO 20372 --- [smart-claims-platform] [main] o.apache.catalina.core.StandardEngine    : Starting Servlet engine: [Apache Tomcat/10.1.48]
2025-11-01T12:52:59.181+05:30  INFO 20372 --- [smart-claims-platform] [main] o.a.c.c.C.[Tomcat].[localhost].[/api]    : Initializing Spring embedded WebApplicationContext
2025-11-01T12:52:59.181+05:30  INFO 20372 --- [smart-claims-platform] [main] w.s.c.ServletWebServerApplicationContext : Root WebApplicationContext: initialization completed in 4143 ms
2025-11-01T12:52:59.980+05:30  INFO 20372 --- [smart-claims-platform] [main] o.hibernate.jpa.internal.util.LogHelper  : HHH000204: Processing PersistenceUnitInfo [name: default]
2025-11-01T12:53:00.199+05:30  INFO 20372 --- [smart-claims-platform] [main] org.hibernate.Version                    : HHH000412: Hibernate ORM core version 6.6.33.Final
2025-11-01T12:53:00.309+05:30  INFO 20372 --- [smart-claims-platform] [main] o.h.c.internal.RegionFactoryInitiator    : HHH000026: Second-level cache disabled
2025-11-01T12:53:01.137+05:30  INFO 20372 --- [smart-claims-platform] [main] o.s.o.j.p.SpringPersistenceUnitInfo      : No LoadTimeWeaver setup: ignoring JPA class transformer
2025-11-01T12:53:01.207+05:30  INFO 20372 --- [smart-claims-platform] [main] com.zaxxer.hikari.HikariDataSource       : HikariPool-1 - Starting...
2025-11-01T12:53:01.686+05:30  INFO 20372 --- [smart-claims-platform] [main] com.zaxxer.hikari.pool.HikariPool        : HikariPool-1 - Added connection conn0: url=jdbc:h2:mem:claimsdb user=SA
2025-11-01T12:53:01.686+05:30  INFO 20372 --- [smart-claims-platform] [main] com.zaxxer.hikari.HikariDataSource       : HikariPool-1 - Start completed.
2025-11-01T12:53:01.760+05:30  WARN 20372 --- [smart-claims-platform] [main] org.hibernate.orm.deprecation            : HHH90000025: H2Dialect does not need to be specified explicitly using 'hibernate.dialect' (remove the property setting and it will be selected by default)
2025-11-01T12:53:01.833+05:30  INFO 20372 --- [smart-claims-platform] [main] org.hibernate.orm.connections.pooling    : HHH10001005: Database info:
	Database JDBC URL [Connecting through datasource 'HikariDataSource (HikariPool-1)']
	Database driver: undefined/unknown
	Database version: 2.3.232
	Autocommit mode: undefined/unknown
	Isolation level: undefined/unknown
	Minimum pool size: undefined/unknown
	Maximum pool size: undefined/unknown
2025-11-01T12:53:03.531+05:30  INFO 20372 --- [smart-claims-platform] [main] o.h.e.t.j.p.i.JtaPlatformInitiator       : HHH000489: No JTA platform available (set 'hibernate.transaction.jta.platform' to enable JTA platform integration)
2025-11-01T12:53:03.595+05:30  INFO 20372 --- [smart-claims-platform] [main] j.LocalContainerEntityManagerFactoryBean : Initialized JPA EntityManagerFactory for persistence unit 'default'
2025-11-01T12:53:04.231+05:30  WARN 20372 --- [smart-claims-platform] [main] JpaBaseConfiguration$JpaWebConfiguration : spring.jpa.open-in-view is enabled by default. Therefore, database queries may be performed during view rendering. Explicitly configure spring.jpa.open-in-view to disable this warning
2025-11-01T12:53:05.609+05:30  INFO 20372 --- [smart-claims-platform] [main] o.s.b.a.h2.H2ConsoleAutoConfiguration    : H2 console available at '/h2-console'. Database available at 'jdbc:h2:mem:claimsdb'
2025-11-01T12:53:05.673+05:30  INFO 20372 --- [smart-claims-platform] [main] o.s.b.a.e.web.EndpointLinksResolver      : Exposing 5 endpoints beneath base path '/actuator'
2025-11-01T12:53:05.978+05:30  INFO 20372 --- [smart-claims-platform] [main] o.s.b.w.embedded.tomcat.TomcatWebServer  : Tomcat started on port 8080 (http) with context path '/api'
2025-11-01T12:53:06.013+05:30  INFO 20372 --- [smart-claims-platform] [main] com.metlife.claim.ClaimApplication       : Started ClaimApplication in 12.724 seconds (process running for 14.216)
2025-11-01T12:53:15.095+05:30  INFO 20372 --- [smart-claims-platform] [http-nio-8080-exec-1] o.a.c.c.C.[Tomcat].[localhost].[/api]    : Initializing Spring DispatcherServlet 'dispatcherServlet'
2025-11-01T12:53:15.095+05:30  INFO 20372 --- [smart-claims-platform] [http-nio-8080-exec-1] o.s.web.servlet.DispatcherServlet        : Initializing Servlet 'dispatcherServlet'
2025-11-01T12:53:15.097+05:30  INFO 20372 --- [smart-claims-platform] [http-nio-8080-exec-1] o.s.web.servlet.DispatcherServlet        : Completed initialization in 2 ms
2025-11-01T12:53:15.155+05:30  WARN 20372 --- [smart-claims-platform] [http-nio-8080-exec-1] o.s.web.servlet.PageNotFound             : No mapping for POST /api/claims
2025-11-01T12:53:15.164+05:30  WARN 20372 --- [smart-claims-platform] [http-nio-8080-exec-1] o.s.web.servlet.PageNotFound             : No endpoint POST /api/claims.
2025-11-01T12:56:25.753+05:30  INFO 10732 --- [smart-claims-platform] [main] com.metlife.claim.ClaimApplication       : Starting ClaimApplication using Java 23.0.2 with PID 10732 (C:\Users\HP\Downloads\claim\claim\build\classes\java\main started by HP in C:\Users\HP\Downloads\claim)
2025-11-01T12:56:25.760+05:30 DEBUG 10732 --- [smart-claims-platform] [main] com.metlife.claim.ClaimApplication       : Running with Spring Boot v3.5.7, Spring v6.2.12
2025-11-01T12:56:25.760+05:30  INFO 10732 --- [smart-claims-platform] [main] com.metlife.claim.ClaimApplication       : The following 1 profile is active: "dev"
2025-11-01T12:56:28.172+05:30  INFO 10732 --- [smart-claims-platform] [main] .s.d.r.c.RepositoryConfigurationDelegate : Bootstrapping Spring Data JPA repositories in DEFAULT mode.
2025-11-01T12:56:28.333+05:30  INFO 10732 --- [smart-claims-platform] [main] .s.d.r.c.RepositoryConfigurationDelegate : Finished Spring Data repository scanning in 136 ms. Found 1 JPA repository interface.
2025-11-01T12:56:29.572+05:30  INFO 10732 --- [smart-claims-platform] [main] o.s.b.w.embedded.tomcat.TomcatWebServer  : Tomcat initialized with port 8080 (http)
2025-11-01T12:56:29.641+05:30  INFO 10732 --- [smart-claims-platform] [main] o.apache.catalina.core.StandardService   : Starting service [Tomcat]
2025-11-01T12:56:29.642+05:30  INFO 10732 --- [smart-claims-platform] [main] o.apache.catalina.core.StandardEngine    : Starting Servlet engine: [Apache Tomcat/10.1.48]
2025-11-01T12:56:29.776+05:30  INFO 10732 --- [smart-claims-platform] [main] o.a.c.c.C.[Tomcat].[localhost].[/api]    : Initializing Spring embedded WebApplicationContext
2025-11-01T12:56:29.776+05:30  INFO 10732 --- [smart-claims-platform] [main] w.s.c.ServletWebServerApplicationContext : Root WebApplicationContext: initialization completed in 3876 ms
2025-11-01T12:56:30.496+05:30  INFO 10732 --- [smart-claims-platform] [main] o.hibernate.jpa.internal.util.LogHelper  : HHH000204: Processing PersistenceUnitInfo [name: default]
2025-11-01T12:56:30.709+05:30  INFO 10732 --- [smart-claims-platform] [main] org.hibernate.Version                    : HHH000412: Hibernate ORM core version 6.6.33.Final
2025-11-01T12:56:30.840+05:30  INFO 10732 --- [smart-claims-platform] [main] o.h.c.internal.RegionFactoryInitiator    : HHH000026: Second-level cache disabled
2025-11-01T12:56:31.804+05:30  INFO 10732 --- [smart-claims-platform] [main] o.s.o.j.p.SpringPersistenceUnitInfo      : No LoadTimeWeaver setup: ignoring JPA class transformer
2025-11-01T12:56:31.892+05:30  INFO 10732 --- [smart-claims-platform] [main] com.zaxxer.hikari.HikariDataSource       : HikariPool-1 - Starting...
2025-11-01T12:56:32.343+05:30  INFO 10732 --- [smart-claims-platform] [main] com.zaxxer.hikari.pool.HikariPool        : HikariPool-1 - Added connection conn0: url=jdbc:h2:mem:claimsdb user=SA
2025-11-01T12:56:32.343+05:30  INFO 10732 --- [smart-claims-platform] [main] com.zaxxer.hikari.HikariDataSource       : HikariPool-1 - Start completed.
2025-11-01T12:56:32.428+05:30  WARN 10732 --- [smart-claims-platform] [main] org.hibernate.orm.deprecation            : HHH90000025: H2Dialect does not need to be specified explicitly using 'hibernate.dialect' (remove the property setting and it will be selected by default)
2025-11-01T12:56:32.496+05:30  INFO 10732 --- [smart-claims-platform] [main] org.hibernate.orm.connections.pooling    : HHH10001005: Database info:
	Database JDBC URL [Connecting through datasource 'HikariDataSource (HikariPool-1)']
	Database driver: undefined/unknown
	Database version: 2.3.232
	Autocommit mode: undefined/unknown
	Isolation level: undefined/unknown
	Minimum pool size: undefined/unknown
	Maximum pool size: undefined/unknown
2025-11-01T12:56:34.384+05:30  INFO 10732 --- [smart-claims-platform] [main] o.h.e.t.j.p.i.JtaPlatformInitiator       : HHH000489: No JTA platform available (set 'hibernate.transaction.jta.platform' to enable JTA platform integration)
2025-11-01T12:56:34.469+05:30  INFO 10732 --- [smart-claims-platform] [main] j.LocalContainerEntityManagerFactoryBean : Initialized JPA EntityManagerFactory for persistence unit 'default'
2025-11-01T12:56:35.125+05:30  WARN 10732 --- [smart-claims-platform] [main] JpaBaseConfiguration$JpaWebConfiguration : spring.jpa.open-in-view is enabled by default. Therefore, database queries may be performed during view rendering. Explicitly configure spring.jpa.open-in-view to disable this warning
2025-11-01T12:56:36.461+05:30  INFO 10732 --- [smart-claims-platform] [main] o.s.b.a.h2.H2ConsoleAutoConfiguration    : H2 console available at '/h2-console'. Database available at 'jdbc:h2:mem:claimsdb'
2025-11-01T12:56:36.550+05:30  INFO 10732 --- [smart-claims-platform] [main] o.s.b.a.e.web.EndpointLinksResolver      : Exposing 5 endpoints beneath base path '/actuator'
2025-11-01T12:56:36.798+05:30  INFO 10732 --- [smart-claims-platform] [main] o.s.b.w.embedded.tomcat.TomcatWebServer  : Tomcat started on port 8080 (http) with context path '/api'
2025-11-01T12:56:36.825+05:30  INFO 10732 --- [smart-claims-platform] [main] com.metlife.claim.ClaimApplication       : Started ClaimApplication in 12.488 seconds (process running for 13.55)
2025-11-01T12:57:41.735+05:30  INFO 10732 --- [smart-claims-platform] [http-nio-8080-exec-3] o.a.c.c.C.[Tomcat].[localhost].[/api]    : Initializing Spring DispatcherServlet 'dispatcherServlet'
2025-11-01T12:57:41.736+05:30  INFO 10732 --- [smart-claims-platform] [http-nio-8080-exec-3] o.s.web.servlet.DispatcherServlet        : Initializing Servlet 'dispatcherServlet'
2025-11-01T12:57:41.738+05:30  INFO 10732 --- [smart-claims-platform] [http-nio-8080-exec-3] o.s.web.servlet.DispatcherServlet        : Completed initialization in 1 ms
2025-11-01T12:57:41.803+05:30  WARN 10732 --- [smart-claims-platform] [http-nio-8080-exec-3] o.s.web.servlet.PageNotFound             : No mapping for POST /api/claims
2025-11-01T12:57:41.818+05:30  WARN 10732 --- [smart-claims-platform] [http-nio-8080-exec-3] o.s.web.servlet.PageNotFound             : No endpoint POST /api/claims.
2025-11-01T12:58:49.368+05:30  WARN 10732 --- [smart-claims-platform] [http-nio-8080-exec-6] o.s.web.servlet.PageNotFound             : No mapping for POST /api/claims
2025-11-01T12:58:49.370+05:30  WARN 10732 --- [smart-claims-platform] [http-nio-8080-exec-6] o.s.web.servlet.PageNotFound             : No endpoint POST /api/claims.
2025-11-01T13:02:42.935+05:30  WARN 10732 --- [smart-claims-platform] [http-nio-8080-exec-9] o.s.web.servlet.PageNotFound             : No mapping for POST /api/claims
2025-11-01T13:02:42.937+05:30  WARN 10732 --- [smart-claims-platform] [http-nio-8080-exec-9] o.s.web.servlet.PageNotFound             : No endpoint POST /api/claims.
2025-11-01T13:05:00.156+05:30  WARN 10732 --- [smart-claims-platform] [http-nio-8080-exec-1] o.s.web.servlet.PageNotFound             : No mapping for POST /api/claims
2025-11-01T13:05:00.157+05:30  WARN 10732 --- [smart-claims-platform] [http-nio-8080-exec-1] o.s.web.servlet.PageNotFound             : No endpoint POST /api/claims.
2025-11-01T13:10:29.368+05:30  INFO 5344 --- [smart-claims-platform] [main] com.metlife.claim.ClaimApplication       : Starting ClaimApplication using Java 23.0.2 with PID 5344 (C:\Users\HP\Downloads\claim\claim\build\classes\java\main started by HP in C:\Users\HP\Downloads\claim)
2025-11-01T13:10:29.377+05:30 DEBUG 5344 --- [smart-claims-platform] [main] com.metlife.claim.ClaimApplication       : Running with Spring Boot v3.5.7, Spring v6.2.12
2025-11-01T13:10:29.377+05:30  INFO 5344 --- [smart-claims-platform] [main] com.metlife.claim.ClaimApplication       : The following 1 profile is active: "dev"
2025-11-01T13:10:31.812+05:30  INFO 5344 --- [smart-claims-platform] [main] .s.d.r.c.RepositoryConfigurationDelegate : Bootstrapping Spring Data JPA repositories in DEFAULT mode.
2025-11-01T13:10:31.979+05:30  INFO 5344 --- [smart-claims-platform] [main] .s.d.r.c.RepositoryConfigurationDelegate : Finished Spring Data repository scanning in 137 ms. Found 1 JPA repository interface.
2025-11-01T13:10:33.230+05:30  INFO 5344 --- [smart-claims-platform] [main] o.s.b.w.embedded.tomcat.TomcatWebServer  : Tomcat initialized with port 8080 (http)
2025-11-01T13:10:33.291+05:30  INFO 5344 --- [smart-claims-platform] [main] o.apache.catalina.core.StandardService   : Starting service [Tomcat]
2025-11-01T13:10:33.291+05:30  INFO 5344 --- [smart-claims-platform] [main] o.apache.catalina.core.StandardEngine    : Starting Servlet engine: [Apache Tomcat/10.1.48]
2025-11-01T13:10:33.444+05:30  INFO 5344 --- [smart-claims-platform] [main] o.a.c.c.C.[Tomcat].[localhost].[/api]    : Initializing Spring embedded WebApplicationContext
2025-11-01T13:10:33.444+05:30  INFO 5344 --- [smart-claims-platform] [main] w.s.c.ServletWebServerApplicationContext : Root WebApplicationContext: initialization completed in 3911 ms
2025-11-01T13:10:34.088+05:30  INFO 5344 --- [smart-claims-platform] [main] o.hibernate.jpa.internal.util.LogHelper  : HHH000204: Processing PersistenceUnitInfo [name: default]
2025-11-01T13:10:34.275+05:30  INFO 5344 --- [smart-claims-platform] [main] org.hibernate.Version                    : HHH000412: Hibernate ORM core version 6.6.33.Final
2025-11-01T13:10:34.386+05:30  INFO 5344 --- [smart-claims-platform] [main] o.h.c.internal.RegionFactoryInitiator    : HHH000026: Second-level cache disabled
2025-11-01T13:10:35.249+05:30  INFO 5344 --- [smart-claims-platform] [main] o.s.o.j.p.SpringPersistenceUnitInfo      : No LoadTimeWeaver setup: ignoring JPA class transformer
2025-11-01T13:10:35.333+05:30  INFO 5344 --- [smart-claims-platform] [main] com.zaxxer.hikari.HikariDataSource       : HikariPool-1 - Starting...
2025-11-01T13:10:35.794+05:30  INFO 5344 --- [smart-claims-platform] [main] com.zaxxer.hikari.pool.HikariPool        : HikariPool-1 - Added connection conn0: url=jdbc:h2:mem:claimsdb user=SA
2025-11-01T13:10:35.794+05:30  INFO 5344 --- [smart-claims-platform] [main] com.zaxxer.hikari.HikariDataSource       : HikariPool-1 - Start completed.
2025-11-01T13:10:35.869+05:30  WARN 5344 --- [smart-claims-platform] [main] org.hibernate.orm.deprecation            : HHH90000025: H2Dialect does not need to be specified explicitly using 'hibernate.dialect' (remove the property setting and it will be selected by default)
2025-11-01T13:10:35.930+05:30  INFO 5344 --- [smart-claims-platform] [main] org.hibernate.orm.connections.pooling    : HHH10001005: Database info:
	Database JDBC URL [Connecting through datasource 'HikariDataSource (HikariPool-1)']
	Database driver: undefined/unknown
	Database version: 2.3.232
	Autocommit mode: undefined/unknown
	Isolation level: undefined/unknown
	Minimum pool size: undefined/unknown
	Maximum pool size: undefined/unknown
2025-11-01T13:10:37.746+05:30  INFO 5344 --- [smart-claims-platform] [main] o.h.e.t.j.p.i.JtaPlatformInitiator       : HHH000489: No JTA platform available (set 'hibernate.transaction.jta.platform' to enable JTA platform integration)
2025-11-01T13:10:37.813+05:30  INFO 5344 --- [smart-claims-platform] [main] j.LocalContainerEntityManagerFactoryBean : Initialized JPA EntityManagerFactory for persistence unit 'default'
2025-11-01T13:10:38.393+05:30  WARN 5344 --- [smart-claims-platform] [main] JpaBaseConfiguration$JpaWebConfiguration : spring.jpa.open-in-view is enabled by default. Therefore, database queries may be performed during view rendering. Explicitly configure spring.jpa.open-in-view to disable this warning
2025-11-01T13:10:39.593+05:30  INFO 5344 --- [smart-claims-platform] [main] o.s.b.a.h2.H2ConsoleAutoConfiguration    : H2 console available at '/h2-console'. Database available at 'jdbc:h2:mem:claimsdb'
2025-11-01T13:10:39.673+05:30  INFO 5344 --- [smart-claims-platform] [main] o.s.b.a.e.web.EndpointLinksResolver      : Exposing 5 endpoints beneath base path '/actuator'
2025-11-01T13:10:39.937+05:30  INFO 5344 --- [smart-claims-platform] [main] o.s.b.w.embedded.tomcat.TomcatWebServer  : Tomcat started on port 8080 (http) with context path '/api'
2025-11-01T13:10:39.972+05:30  INFO 5344 --- [smart-claims-platform] [main] com.metlife.claim.ClaimApplication       : Started ClaimApplication in 11.928 seconds (process running for 12.974)
2025-11-01T13:11:18.669+05:30  INFO 5344 --- [smart-claims-platform] [http-nio-8080-exec-2] o.a.c.c.C.[Tomcat].[localhost].[/api]    : Initializing Spring DispatcherServlet 'dispatcherServlet'
2025-11-01T13:11:18.669+05:30  INFO 5344 --- [smart-claims-platform] [http-nio-8080-exec-2] o.s.web.servlet.DispatcherServlet        : Initializing Servlet 'dispatcherServlet'
2025-11-01T13:11:18.671+05:30  INFO 5344 --- [smart-claims-platform] [http-nio-8080-exec-2] o.s.web.servlet.DispatcherServlet        : Completed initialization in 1 ms
2025-11-01T13:11:18.730+05:30  WARN 5344 --- [smart-claims-platform] [http-nio-8080-exec-2] o.s.web.servlet.PageNotFound             : No mapping for POST /api/claims
2025-11-01T13:11:18.741+05:30  WARN 5344 --- [smart-claims-platform] [http-nio-8080-exec-2] o.s.web.servlet.PageNotFound             : No endpoint POST /api/claims.
